<?xml version="1.0" encoding="UTF-8"?>
<!-- Generated by org.testng.reporters.JUnitReportReporter -->
<testsuite hostname="AvinashJadhav" failures="0" tests="1" name="dummy.transfer2.test.DummySampleTest" time="0.014" errors="0" timestamp="2022-01-26T13:57:30 IST" skipped="0">
  <testcase classname="dummy.transfer2.test.DummySampleTest" name="sampleTwo" time="0.014"/>
  <system-out/>
</testsuite> <!-- dummy.transfer2.test.DummySampleTest -->
