<?xml version="1.0" encoding="UTF-8"?>
<!-- Generated by org.testng.reporters.JUnitReportReporter -->
<testsuite hostname="AvinashJadhav" failures="0" tests="1" name="dummy.transfer2.test.DummyTest" time="0.006" errors="0" timestamp="2022-01-26T13:57:30 IST" skipped="0">
  <testcase classname="dummy.transfer2.test.DummyTest" name="dummyTwo" time="0.006"/>
  <system-out/>
</testsuite> <!-- dummy.transfer2.test.DummyTest -->
