<?xml version="1.0" encoding="UTF-8"?>
<!-- Generated by org.testng.reporters.JUnitReportReporter -->
<testsuite hostname="AvinashJadhav" failures="0" tests="2" name="dummy.transfer4.test.DemoDrishyaTest" time="3.534" errors="0" timestamp="2022-01-26T16:25:23 IST" skipped="0">
  <testcase classname="dummy.transfer4.test.DemoDrishyaTest" name="createOrgaTest" time="3.529"/>
  <system-out/>
  <testcase classname="dummy.transfer4.test.DemoDrishyaTest" name="modifyOrgaTest" time="0.005"/>
  <system-out/>
</testsuite> <!-- dummy.transfer4.test.DemoDrishyaTest -->
