<?xml version="1.0" encoding="UTF-8"?>
<!-- Generated by org.testng.reporters.JUnitReportReporter -->
<testsuite hostname="AvinashJadhav" failures="0" tests="2" name="dummy.transfer1.test.OpenBrowserTest" time="15.323" errors="0" timestamp="2022-01-26T16:10:00 IST" skipped="0">
  <testcase classname="dummy.transfer1.test.OpenBrowserTest" name="openBrowser" time="7.759"/>
  <system-out/>
  <testcase classname="dummy.transfer1.test.OpenBrowserTest" name="navigateBrowser" time="7.564"/>
  <system-out/>
</testsuite> <!-- dummy.transfer1.test.OpenBrowserTest -->
