<?xml version="1.0" encoding="UTF-8"?>
<!-- Generated by org.testng.reporters.JUnitReportReporter -->
<testsuite hostname="AvinashJadhav" failures="0" tests="1" name="dummy.transfer3.test.DemoDTwoTwoTest" time="0.003" errors="0" timestamp="2022-01-26T13:57:30 IST" skipped="0">
  <testcase classname="dummy.transfer3.test.DemoDTwoTwoTest" name="sampleTwo" time="0.003"/>
  <system-out/>
</testsuite> <!-- dummy.transfer3.test.DemoDTwoTwoTest -->
